<?xml version="1.0" encoding="UTF-8"?>
<testng-results ignored="0" total="1" passed="1" failed="0" skipped="0">
  <reporter-output>
  </reporter-output>
  <suite started-at="2023-12-17T07:43:37 IST" name="Default suite" finished-at="2023-12-17T07:43:37 IST" duration-ms="31">
    <groups>
    </groups>
    <test started-at="2023-12-17T07:43:37 IST" name="Default test" finished-at="2023-12-17T07:43:37 IST" duration-ms="31">
      <class name="practise.ps1">
        <test-method is-config="true" signature="print()[pri:0, instance:practise.ps1@2177849e]" started-at="2023-12-17T07:43:37 IST" name="print" finished-at="2023-12-17T07:43:37 IST" duration-ms="2" status="PASS">
          <reporter-output>
          </reporter-output>
        </test-method> <!-- print -->
        <test-method signature="testRun()[pri:0, instance:practise.ps1@2177849e]" started-at="2023-12-17T07:43:37 IST" name="testRun" finished-at="2023-12-17T07:43:37 IST" duration-ms="5" status="PASS">
          <reporter-output>
          </reporter-output>
        </test-method> <!-- testRun -->
      </class> <!-- practise.ps1 -->
    </test> <!-- Default test -->
  </suite> <!-- Default suite -->
</testng-results>
